<?xml version="1.0" encoding="UTF-8"?>
<testng-results skipped="0" failed="0" ignored="0" total="1" passed="1">
  <reporter-output>
  </reporter-output>
  <suite name="com.google.com.Googletitle" duration-ms="19383" started-at="2019-04-02T17:21:27Z" finished-at="2019-04-02T17:21:46Z">
    <groups>
    </groups>
    <test name="Command line test" duration-ms="19383" started-at="2019-04-02T17:21:27Z" finished-at="2019-04-02T17:21:46Z">
      <class name="com.google.com.Googletitle">
        <test-method status="PASS" signature="test()[pri:0, instance:com.google.com.Googletitle@c7da1e]" name="test" duration-ms="19346" started-at="2019-04-02T17:21:27Z" finished-at="2019-04-02T17:21:46Z">
          <reporter-output>
          </reporter-output>
        </test-method> <!-- test -->
      </class> <!-- com.google.com.Googletitle -->
    </test> <!-- Command line test -->
  </suite> <!-- com.google.com.Googletitle -->
</testng-results>
